Connecting to database specified by database.yml
  [1m[36m (0.1ms)[0m  [1mselect sqlite_version(*)[0m
  [1m[35m (49.7ms)[0m  CREATE TABLE "schema_migrations" ("version" varchar(255) NOT NULL) 
  [1m[36m (24.3ms)[0m  [1mCREATE UNIQUE INDEX "unique_schema_migrations" ON "schema_migrations" ("version")[0m
  [1m[35m (0.2ms)[0m  SELECT "schema_migrations"."version" FROM "schema_migrations" 
Migrating to CreateMovies (20111119180638)
  [1m[36m (0.1ms)[0m  [1mbegin transaction[0m
  [1m[35m (0.9ms)[0m  CREATE TABLE "movies" ("id" INTEGER PRIMARY KEY AUTOINCREMENT NOT NULL, "title" varchar(255), "rating" varchar(255), "description" text, "release_date" datetime, "created_at" datetime NOT NULL, "updated_at" datetime NOT NULL) 
  [1m[36m (0.2ms)[0m  [1mINSERT INTO "schema_migrations" ("version") VALUES ('20111119180638')[0m
  [1m[35m (30.7ms)[0m  commit transaction
  [1m[36m (0.1ms)[0m  [1mSELECT "schema_migrations"."version" FROM "schema_migrations" [0m
Connecting to database specified by database.yml
  [1m[36m (0.2ms)[0m  [1mSELECT "schema_migrations"."version" FROM "schema_migrations" [0m
  [1m[35m (0.1ms)[0m  begin transaction
  [1m[36mSQL (12.2ms)[0m  [1mINSERT INTO "movies" ("created_at", "description", "rating", "release_date", "title", "updated_at") VALUES (?, ?, ?, ?, ?, ?)[0m  [["created_at", Tue, 08 Oct 2013 00:56:15 UTC +00:00], ["description", nil], ["rating", "G"], ["release_date", Wed, 25 Nov 1992 00:00:00 UTC +00:00], ["title", "Aladdin"], ["updated_at", Tue, 08 Oct 2013 00:56:15 UTC +00:00]]
  [1m[35m (49.1ms)[0m  commit transaction
  [1m[36m (0.2ms)[0m  [1mbegin transaction[0m
  [1m[35mSQL (1.4ms)[0m  INSERT INTO "movies" ("created_at", "description", "rating", "release_date", "title", "updated_at") VALUES (?, ?, ?, ?, ?, ?)  [["created_at", Tue, 08 Oct 2013 00:56:15 UTC +00:00], ["description", nil], ["rating", "R"], ["release_date", Fri, 26 Oct 1984 00:00:00 UTC +00:00], ["title", "The Terminator"], ["updated_at", Tue, 08 Oct 2013 00:56:15 UTC +00:00]]
  [1m[36m (27.3ms)[0m  [1mcommit transaction[0m
  [1m[35m (0.1ms)[0m  begin transaction
  [1m[36mSQL (0.4ms)[0m  [1mINSERT INTO "movies" ("created_at", "description", "rating", "release_date", "title", "updated_at") VALUES (?, ?, ?, ?, ?, ?)[0m  [["created_at", Tue, 08 Oct 2013 00:56:15 UTC +00:00], ["description", nil], ["rating", "R"], ["release_date", Fri, 21 Jul 1989 00:00:00 UTC +00:00], ["title", "When Harry Met Sally"], ["updated_at", Tue, 08 Oct 2013 00:56:15 UTC +00:00]]
  [1m[35m (19.4ms)[0m  commit transaction
  [1m[36m (0.1ms)[0m  [1mbegin transaction[0m
  [1m[35mSQL (0.3ms)[0m  INSERT INTO "movies" ("created_at", "description", "rating", "release_date", "title", "updated_at") VALUES (?, ?, ?, ?, ?, ?)  [["created_at", Tue, 08 Oct 2013 00:56:15 UTC +00:00], ["description", nil], ["rating", "PG-13"], ["release_date", Wed, 10 Aug 2011 00:00:00 UTC +00:00], ["title", "The Help"], ["updated_at", Tue, 08 Oct 2013 00:56:15 UTC +00:00]]
  [1m[36m (37.4ms)[0m  [1mcommit transaction[0m
  [1m[35m (0.1ms)[0m  begin transaction
  [1m[36mSQL (0.4ms)[0m  [1mINSERT INTO "movies" ("created_at", "description", "rating", "release_date", "title", "updated_at") VALUES (?, ?, ?, ?, ?, ?)[0m  [["created_at", Tue, 08 Oct 2013 00:56:15 UTC +00:00], ["description", nil], ["rating", "PG-13"], ["release_date", Fri, 05 Jan 2001 00:00:00 UTC +00:00], ["title", "Chocolat"], ["updated_at", Tue, 08 Oct 2013 00:56:15 UTC +00:00]]
  [1m[35m (30.4ms)[0m  commit transaction
  [1m[36m (0.1ms)[0m  [1mbegin transaction[0m
  [1m[35mSQL (0.4ms)[0m  INSERT INTO "movies" ("created_at", "description", "rating", "release_date", "title", "updated_at") VALUES (?, ?, ?, ?, ?, ?)  [["created_at", Tue, 08 Oct 2013 00:56:15 UTC +00:00], ["description", nil], ["rating", "R"], ["release_date", Wed, 25 Apr 2001 00:00:00 UTC +00:00], ["title", "Amelie"], ["updated_at", Tue, 08 Oct 2013 00:56:15 UTC +00:00]]
  [1m[36m (23.7ms)[0m  [1mcommit transaction[0m
  [1m[35m (0.1ms)[0m  begin transaction
  [1m[36mSQL (0.5ms)[0m  [1mINSERT INTO "movies" ("created_at", "description", "rating", "release_date", "title", "updated_at") VALUES (?, ?, ?, ?, ?, ?)[0m  [["created_at", Tue, 08 Oct 2013 00:56:15 UTC +00:00], ["description", nil], ["rating", "G"], ["release_date", Sat, 06 Apr 1968 00:00:00 UTC +00:00], ["title", "2001: A Space Odyssey"], ["updated_at", Tue, 08 Oct 2013 00:56:15 UTC +00:00]]
  [1m[35m (19.5ms)[0m  commit transaction
  [1m[36m (0.1ms)[0m  [1mbegin transaction[0m
  [1m[35mSQL (0.4ms)[0m  INSERT INTO "movies" ("created_at", "description", "rating", "release_date", "title", "updated_at") VALUES (?, ?, ?, ?, ?, ?)  [["created_at", Tue, 08 Oct 2013 00:56:15 UTC +00:00], ["description", nil], ["rating", "PG"], ["release_date", Fri, 05 Nov 2004 00:00:00 UTC +00:00], ["title", "The Incredibles"], ["updated_at", Tue, 08 Oct 2013 00:56:15 UTC +00:00]]
  [1m[36m (37.2ms)[0m  [1mcommit transaction[0m
  [1m[35m (0.1ms)[0m  begin transaction
  [1m[36mSQL (0.4ms)[0m  [1mINSERT INTO "movies" ("created_at", "description", "rating", "release_date", "title", "updated_at") VALUES (?, ?, ?, ?, ?, ?)[0m  [["created_at", Tue, 08 Oct 2013 00:56:16 UTC +00:00], ["description", nil], ["rating", "PG"], ["release_date", Fri, 12 Jun 1981 00:00:00 UTC +00:00], ["title", "Raiders of the Lost Ark"], ["updated_at", Tue, 08 Oct 2013 00:56:16 UTC +00:00]]
  [1m[35m (31.2ms)[0m  commit transaction
  [1m[36m (0.1ms)[0m  [1mbegin transaction[0m
  [1m[35mSQL (0.4ms)[0m  INSERT INTO "movies" ("created_at", "description", "rating", "release_date", "title", "updated_at") VALUES (?, ?, ?, ?, ?, ?)  [["created_at", Tue, 08 Oct 2013 00:56:16 UTC +00:00], ["description", nil], ["rating", "G"], ["release_date", Wed, 21 Jun 2000 00:00:00 UTC +00:00], ["title", "Chicken Run"], ["updated_at", Tue, 08 Oct 2013 00:56:16 UTC +00:00]]
  [1m[36m (24.8ms)[0m  [1mcommit transaction[0m


Started GET "/movies" for 127.0.0.1 at 2013-10-07 17:56:32 -0700
Connecting to database specified by database.yml
Processing by MoviesController#index as HTML
  [1m[36mMovie Load (0.2ms)[0m  [1mSELECT "movies".* FROM "movies" [0m
  Rendered movies/index.html.haml within layouts/application (21.2ms)
Compiled application.css  (0ms)  (pid 2070)
Compiled jquery.js  (1ms)  (pid 2070)
Compiled jquery_ujs.js  (0ms)  (pid 2070)
Compiled application.js  (47ms)  (pid 2070)
Completed 200 OK in 162ms (Views: 155.2ms | ActiveRecord: 0.2ms)


Started GET "/assets/application.css?body=1" for 127.0.0.1 at 2013-10-07 17:56:33 -0700
Served asset /application.css - 304 Not Modified (53ms)


Started GET "/assets/jquery_ujs.js?body=1" for 127.0.0.1 at 2013-10-07 17:56:33 -0700
Served asset /jquery_ujs.js - 304 Not Modified (1ms)


Started GET "/assets/jquery.js?body=1" for 127.0.0.1 at 2013-10-07 17:56:33 -0700
Served asset /jquery.js - 304 Not Modified (5ms)


Started GET "/assets/application.js?body=1" for 127.0.0.1 at 2013-10-07 17:56:33 -0700
Served asset /application.js - 304 Not Modified (5ms)


Started GET "/movies" for 127.0.0.1 at 2013-10-08 14:58:53 -0700
Connecting to database specified by database.yml
Processing by MoviesController#index as HTML
  [1m[36mMovie Load (0.2ms)[0m  [1mSELECT "movies".* FROM "movies" [0m
  Rendered movies/index.html.haml within layouts/application (20.2ms)
Completed 200 OK in 94ms (Views: 87.3ms | ActiveRecord: 0.2ms)


Started GET "/assets/application.css?body=1" for 127.0.0.1 at 2013-10-08 14:58:54 -0700
Served asset /application.css - 304 Not Modified (1ms)


Started GET "/assets/application.js?body=1" for 127.0.0.1 at 2013-10-08 14:58:54 -0700
Served asset /application.js - 304 Not Modified (45ms)


Started GET "/assets/jquery_ujs.js?body=1" for 127.0.0.1 at 2013-10-08 14:58:55 -0700
Served asset /jquery_ujs.js - 304 Not Modified (1ms)


Started GET "/assets/jquery.js?body=1" for 127.0.0.1 at 2013-10-08 14:58:55 -0700
Served asset /jquery.js - 304 Not Modified (6ms)


Started GET "/movies" for 127.0.0.1 at 2013-10-08 15:30:20 -0700
Connecting to database specified by database.yml
Processing by MoviesController#index as HTML
  [1m[36mMovie Load (0.2ms)[0m  [1mSELECT "movies".* FROM "movies" [0m
  Rendered movies/index.html.haml within layouts/application (18.6ms)
Compiled application.css  (0ms)  (pid 2528)
Completed 200 OK in 101ms (Views: 92.9ms | ActiveRecord: 0.2ms)


Started GET "/assets/application.css?body=1" for 127.0.0.1 at 2013-10-08 15:30:21 -0700
Served asset /application.css - 200 OK (1ms)


Started GET "/assets/application.js?body=1" for 127.0.0.1 at 2013-10-08 15:30:21 -0700
Served asset /application.js - 304 Not Modified (48ms)


Started GET "/assets/jquery.js?body=1" for 127.0.0.1 at 2013-10-08 15:30:22 -0700
Served asset /jquery.js - 304 Not Modified (2ms)


Started GET "/assets/jquery_ujs.js?body=1" for 127.0.0.1 at 2013-10-08 15:30:22 -0700
Served asset /jquery_ujs.js - 304 Not Modified (1ms)


Started GET "/movies" for 127.0.0.1 at 2013-10-12 12:31:33 -0700
Connecting to database specified by database.yml
Processing by MoviesController#index as HTML
  [1m[36mMovie Load (0.2ms)[0m  [1mSELECT "movies".* FROM "movies" [0m
  Rendered movies/index.html.haml within layouts/application (26.4ms)
Completed 200 OK in 94ms (Views: 92.6ms | ActiveRecord: 0.2ms)


Started GET "/assets/application.css?body=1" for 127.0.0.1 at 2013-10-12 12:31:34 -0700
Served asset /application.css - 304 Not Modified (1ms)


Started GET "/assets/application.js?body=1" for 127.0.0.1 at 2013-10-12 12:31:34 -0700
Served asset /application.js - 304 Not Modified (8ms)


Started GET "/assets/jquery_ujs.js?body=1" for 127.0.0.1 at 2013-10-12 12:31:34 -0700
Served asset /jquery_ujs.js - 304 Not Modified (39ms)


Started GET "/assets/jquery.js?body=1" for 127.0.0.1 at 2013-10-12 12:31:34 -0700
Served asset /jquery.js - 304 Not Modified (12ms)


Started GET "/movies?sort=title" for 127.0.0.1 at 2013-10-12 12:31:37 -0700
Processing by MoviesController#index as HTML
  Parameters: {"sort"=>"title"}
  [1m[35mMovie Load (0.4ms)[0m  SELECT "movies".* FROM "movies" ORDER BY title
  Rendered movies/index.html.haml within layouts/application (12.2ms)
Completed 200 OK in 18ms (Views: 17.1ms | ActiveRecord: 0.4ms)


Started GET "/assets/application.css?body=1" for 127.0.0.1 at 2013-10-12 12:31:37 -0700
Served asset /application.css - 304 Not Modified (0ms)


Started GET "/assets/application.js?body=1" for 127.0.0.1 at 2013-10-12 12:31:37 -0700
Served asset /application.js - 304 Not Modified (0ms)


Started GET "/assets/jquery.js?body=1" for 127.0.0.1 at 2013-10-12 12:31:37 -0700
Served asset /jquery.js - 304 Not Modified (0ms)


Started GET "/assets/jquery_ujs.js?body=1" for 127.0.0.1 at 2013-10-12 12:31:37 -0700
Served asset /jquery_ujs.js - 304 Not Modified (0ms)


Started GET "/movies?sort=release_date" for 127.0.0.1 at 2013-10-12 12:31:38 -0700
Processing by MoviesController#index as HTML
  Parameters: {"sort"=>"release_date"}
  [1m[36mMovie Load (0.3ms)[0m  [1mSELECT "movies".* FROM "movies" ORDER BY release_date[0m
  Rendered movies/index.html.haml within layouts/application (12.8ms)
Completed 200 OK in 27ms (Views: 26.0ms | ActiveRecord: 0.3ms)


Started GET "/assets/application.css?body=1" for 127.0.0.1 at 2013-10-12 12:31:38 -0700
Served asset /application.css - 304 Not Modified (0ms)


Started GET "/assets/jquery_ujs.js?body=1" for 127.0.0.1 at 2013-10-12 12:31:38 -0700
Served asset /jquery_ujs.js - 304 Not Modified (0ms)


Started GET "/assets/application.js?body=1" for 127.0.0.1 at 2013-10-12 12:31:38 -0700
Served asset /application.js - 304 Not Modified (13ms)


Started GET "/assets/jquery.js?body=1" for 127.0.0.1 at 2013-10-12 12:31:38 -0700
Served asset /jquery.js - 304 Not Modified (0ms)


Started GET "/movies?sort=release_date" for 127.0.0.1 at 2013-10-12 12:31:39 -0700
Processing by MoviesController#index as HTML
  Parameters: {"sort"=>"release_date"}
  [1m[35mMovie Load (0.3ms)[0m  SELECT "movies".* FROM "movies" ORDER BY release_date
  Rendered movies/index.html.haml within layouts/application (13.9ms)
Completed 200 OK in 23ms (Views: 21.9ms | ActiveRecord: 0.3ms)


Started GET "/assets/application.css?body=1" for 127.0.0.1 at 2013-10-12 12:31:39 -0700
Served asset /application.css - 304 Not Modified (0ms)


Started GET "/assets/jquery_ujs.js?body=1" for 127.0.0.1 at 2013-10-12 12:31:39 -0700
Served asset /jquery_ujs.js - 304 Not Modified (0ms)


Started GET "/assets/application.js?body=1" for 127.0.0.1 at 2013-10-12 12:31:39 -0700
Served asset /application.js - 304 Not Modified (9ms)


Started GET "/assets/jquery.js?body=1" for 127.0.0.1 at 2013-10-12 12:31:39 -0700
Served asset /jquery.js - 304 Not Modified (0ms)


Started GET "/movies?sort=title" for 127.0.0.1 at 2013-10-12 12:31:41 -0700
Processing by MoviesController#index as HTML
  Parameters: {"sort"=>"title"}
  [1m[36mMovie Load (0.3ms)[0m  [1mSELECT "movies".* FROM "movies" ORDER BY title[0m
  Rendered movies/index.html.haml within layouts/application (4.9ms)
Completed 200 OK in 17ms (Views: 16.5ms | ActiveRecord: 0.3ms)


Started GET "/assets/application.css?body=1" for 127.0.0.1 at 2013-10-12 12:31:41 -0700
Served asset /application.css - 304 Not Modified (0ms)


Started GET "/assets/application.js?body=1" for 127.0.0.1 at 2013-10-12 12:31:41 -0700
Served asset /application.js - 304 Not Modified (14ms)


Started GET "/assets/jquery_ujs.js?body=1" for 127.0.0.1 at 2013-10-12 12:31:41 -0700
Served asset /jquery_ujs.js - 304 Not Modified (0ms)


Started GET "/assets/jquery.js?body=1" for 127.0.0.1 at 2013-10-12 12:31:41 -0700
Served asset /jquery.js - 304 Not Modified (0ms)


Started GET "/movies?sort=release_date" for 127.0.0.1 at 2013-10-12 12:31:43 -0700
Processing by MoviesController#index as HTML
  Parameters: {"sort"=>"release_date"}
  [1m[35mMovie Load (0.6ms)[0m  SELECT "movies".* FROM "movies" ORDER BY release_date
  Rendered movies/index.html.haml within layouts/application (5.6ms)
Completed 200 OK in 11ms (Views: 9.9ms | ActiveRecord: 0.6ms)


Started GET "/assets/application.css?body=1" for 127.0.0.1 at 2013-10-12 12:31:43 -0700
Served asset /application.css - 304 Not Modified (0ms)


Started GET "/assets/jquery_ujs.js?body=1" for 127.0.0.1 at 2013-10-12 12:31:43 -0700
Served asset /jquery_ujs.js - 304 Not Modified (0ms)


Started GET "/assets/application.js?body=1" for 127.0.0.1 at 2013-10-12 12:31:43 -0700
Served asset /application.js - 304 Not Modified (1ms)


Started GET "/assets/jquery.js?body=1" for 127.0.0.1 at 2013-10-12 12:31:43 -0700
Served asset /jquery.js - 304 Not Modified (0ms)


Started GET "/movies?sort=title" for 127.0.0.1 at 2013-10-12 12:31:45 -0700
Processing by MoviesController#index as HTML
  Parameters: {"sort"=>"title"}
  [1m[36mMovie Load (1.7ms)[0m  [1mSELECT "movies".* FROM "movies" ORDER BY title[0m
  Rendered movies/index.html.haml within layouts/application (11.8ms)
Completed 200 OK in 17ms (Views: 14.7ms | ActiveRecord: 1.7ms)


Started GET "/assets/application.css?body=1" for 127.0.0.1 at 2013-10-12 12:31:45 -0700
Served asset /application.css - 304 Not Modified (0ms)


Started GET "/assets/jquery_ujs.js?body=1" for 127.0.0.1 at 2013-10-12 12:31:45 -0700
Served asset /jquery_ujs.js - 304 Not Modified (0ms)


Started GET "/assets/jquery.js?body=1" for 127.0.0.1 at 2013-10-12 12:31:45 -0700
Served asset /jquery.js - 304 Not Modified (0ms)


Started GET "/assets/application.js?body=1" for 127.0.0.1 at 2013-10-12 12:31:45 -0700
Served asset /application.js - 304 Not Modified (1ms)


Started GET "/movies" for 127.0.0.1 at 2013-10-12 12:38:54 -0700
Connecting to database specified by database.yml
Processing by MoviesController#index as HTML
  [1m[36mMovie Load (0.2ms)[0m  [1mSELECT "movies".* FROM "movies" [0m
  Rendered movies/index.html.haml within layouts/application (24.1ms)
Completed 200 OK in 92ms (Views: 91.1ms | ActiveRecord: 0.2ms)


Started GET "/assets/application.css?body=1" for 127.0.0.1 at 2013-10-12 12:38:55 -0700
Served asset /application.css - 304 Not Modified (1ms)


Started GET "/assets/application.js?body=1" for 127.0.0.1 at 2013-10-12 12:38:55 -0700
Served asset /application.js - 304 Not Modified (37ms)


Started GET "/assets/jquery_ujs.js?body=1" for 127.0.0.1 at 2013-10-12 12:38:55 -0700
Served asset /jquery_ujs.js - 304 Not Modified (1ms)


Started GET "/assets/jquery.js?body=1" for 127.0.0.1 at 2013-10-12 12:38:55 -0700
Served asset /jquery.js - 304 Not Modified (10ms)


Started GET "/movies?sort=title" for 127.0.0.1 at 2013-10-12 12:38:57 -0700
Processing by MoviesController#index as HTML
  Parameters: {"sort"=>"title"}
  [1m[35mMovie Load (0.3ms)[0m  SELECT "movies".* FROM "movies" ORDER BY title
  Rendered movies/index.html.haml within layouts/application (13.3ms)
Completed 200 OK in 18ms (Views: 17.3ms | ActiveRecord: 0.3ms)


Started GET "/assets/application.css?body=1" for 127.0.0.1 at 2013-10-12 12:38:57 -0700
Served asset /application.css - 304 Not Modified (0ms)


Started GET "/assets/jquery_ujs.js?body=1" for 127.0.0.1 at 2013-10-12 12:38:57 -0700
Served asset /jquery_ujs.js - 304 Not Modified (0ms)


Started GET "/assets/application.js?body=1" for 127.0.0.1 at 2013-10-12 12:38:57 -0700
Served asset /application.js - 304 Not Modified (1ms)


Started GET "/assets/jquery.js?body=1" for 127.0.0.1 at 2013-10-12 12:38:57 -0700
Served asset /jquery.js - 304 Not Modified (0ms)


Started GET "/movies?sort=release_date" for 127.0.0.1 at 2013-10-12 12:38:59 -0700
Processing by MoviesController#index as HTML
  Parameters: {"sort"=>"release_date"}
  [1m[36mMovie Load (0.2ms)[0m  [1mSELECT "movies".* FROM "movies" ORDER BY release_date[0m
  Rendered movies/index.html.haml within layouts/application (11.4ms)
Completed 200 OK in 18ms (Views: 17.8ms | ActiveRecord: 0.2ms)


Started GET "/assets/application.css?body=1" for 127.0.0.1 at 2013-10-12 12:38:59 -0700
Served asset /application.css - 304 Not Modified (0ms)


Started GET "/assets/jquery_ujs.js?body=1" for 127.0.0.1 at 2013-10-12 12:38:59 -0700
Served asset /jquery_ujs.js - 304 Not Modified (0ms)


Started GET "/assets/application.js?body=1" for 127.0.0.1 at 2013-10-12 12:38:59 -0700
Served asset /application.js - 304 Not Modified (0ms)


Started GET "/assets/jquery.js?body=1" for 127.0.0.1 at 2013-10-12 12:38:59 -0700
Served asset /jquery.js - 304 Not Modified (0ms)
